Wed, 05 May 2021 06:48:27 GMT - Info - Server is running on port: 3030
Wed, 05 May 2021 07:51:47 GMT - Info - Server is running on port: 3030
Wed, 05 May 2021 07:52:01 GMT - Info - Server is running on port: 3030
Wed, 05 May 2021 07:52:37 GMT - Info - Server is running on port: 3030
Wed, 05 May 2021 08:00:52 GMT - Info - Server is running on port: 3030
Wed, 05 May 2021 08:01:42 GMT - Info - Server is running on port: 3030
Wed, 05 May 2021 08:03:12 GMT - Info - Server is running on port: 3030
Wed, 05 May 2021 08:06:25 GMT - Info - Server is running on port: 3030
Wed, 05 May 2021 08:06:56 GMT - Info - Server is running on port: 3030
Wed, 05 May 2021 08:08:39 GMT - Info - Server is running on port: 3030
Wed, 05 May 2021 08:09:06 GMT - Info - Server is running on port: 3030
Wed, 05 May 2021 08:09:31 GMT - Info - Server is running on port: 3030
Wed, 05 May 2021 08:09:55 GMT - Info - Server is running on port: 3030
Wed, 05 May 2021 08:10:35 GMT - Info - Server is running on port: 3030
Wed, 05 May 2021 08:10:56 GMT - Info - Server is running on port: 3030
Wed, 05 May 2021 08:11:22 GMT - Info - Server is running on port: 3030
Wed, 05 May 2021 09:24:09 GMT - Info - Server is running on port: 3030
Wed, 05 May 2021 09:24:40 GMT - Info - Server is running on port: 3030
Wed, 05 May 2021 10:03:41 GMT - Info - Server is running on port: 3030
Wed, 05 May 2021 10:42:53 GMT - Info - Server is running on port: 3030
Wed, 05 May 2021 10:43:10 GMT - Info - Server is running on port: 3030
Wed, 05 May 2021 10:43:19 GMT - Info - Server is running on port: 3030
Wed, 05 May 2021 10:43:29 GMT - Info - Server is running on port: 3030
Wed, 05 May 2021 10:43:36 GMT - Info - Server is running on port: 3030
Wed, 05 May 2021 10:43:54 GMT - Info - Server is running on port: 3030
Wed, 05 May 2021 10:47:13 GMT - Info - Server is running on port: 3030
Wed, 05 May 2021 10:48:59 GMT - Info - Server is running on port: 3030
Wed, 05 May 2021 13:54:22 GMT - Info - Server is running on port: 3030
Wed, 05 May 2021 14:21:33 GMT - Info - Server is running on port: 3030
Wed, 05 May 2021 14:22:43 GMT - Info - Server is running on port: 3030
Wed, 05 May 2021 14:24:28 GMT - Info - Server is running on port: 3030
Wed, 05 May 2021 14:25:04 GMT - Info - Server is running on port: 3030
Wed, 05 May 2021 14:27:15 GMT - Info - Server is running on port: 3030
Wed, 05 May 2021 14:28:06 GMT - Info - Server is running on port: 3030
Wed, 05 May 2021 14:29:28 GMT - Info - Server is running on port: 3030
Wed, 05 May 2021 14:29:55 GMT - Info - Server is running on port: 3030
Wed, 05 May 2021 14:30:56 GMT - Info - Server is running on port: 3030
Wed, 05 May 2021 14:31:51 GMT - Info - Server is running on port: 3030
Wed, 05 May 2021 14:33:24 GMT - Info - Server is running on port: 3030
Wed, 05 May 2021 14:40:29 GMT - Info - Server is running on port: 3030
Wed, 05 May 2021 14:42:31 GMT - Info - Server is running on port: 3030
Wed, 05 May 2021 14:43:03 GMT - Info - Server is running on port: 3030
Wed, 05 May 2021 14:43:46 GMT - Info - Server is running on port: 3030
Wed, 05 May 2021 15:25:57 GMT - Info - Server is running on port: 3030
Wed, 05 May 2021 15:26:38 GMT - Info - Server is running on port: 3030
Wed, 05 May 2021 15:34:09 GMT - Info - Server is running on port: 3030
Wed, 05 May 2021 15:34:38 GMT - Info - Server is running on port: 3030
Wed, 05 May 2021 15:37:23 GMT - Info - Server is running on port: 3030
Wed, 05 May 2021 15:39:40 GMT - Info - Server is running on port: 3030
Wed, 05 May 2021 15:40:04 GMT - Info - Server is running on port: 3030
Wed, 05 May 2021 15:45:04 GMT - Info - Server is running on port: 3030
Wed, 05 May 2021 15:45:35 GMT - Info - Server is running on port: 3030
Wed, 05 May 2021 15:52:49 GMT - Info - Server is running on port: 3030
Wed, 05 May 2021 15:53:39 GMT - Info - Server is running on port: 3030
Wed, 05 May 2021 15:54:25 GMT - Info - Server is running on port: 3030
Wed, 05 May 2021 15:56:24 GMT - Info - Server is running on port: 3030
Wed, 05 May 2021 15:56:40 GMT - Info - Server is running on port: 3030
Wed, 05 May 2021 16:24:44 GMT - Info - Server is running on port: 3030
Wed, 05 May 2021 16:25:40 GMT - Info - Server is running on port: 3030
Wed, 05 May 2021 16:28:09 GMT - Info - Server is running on port: 3030
Wed, 05 May 2021 16:30:04 GMT - Info - Server is running on port: 3030
Wed, 05 May 2021 16:34:26 GMT - Info - Server is running on port: 3030
Wed, 05 May 2021 16:37:37 GMT - Info - Server is running on port: 3030
Wed, 05 May 2021 16:38:22 GMT - Info - Server is running on port: 3030
Wed, 05 May 2021 16:38:53 GMT - Info - Server is running on port: 3030
Wed, 05 May 2021 16:40:15 GMT - Info - Server is running on port: 3030
Wed, 05 May 2021 16:41:00 GMT - Info - Server is running on port: 3030
Wed, 05 May 2021 16:41:15 GMT - Info - Server is running on port: 3030
Wed, 05 May 2021 16:41:31 GMT - Info - Server is running on port: 3030
Wed, 05 May 2021 16:41:44 GMT - Info - Server is running on port: 3030
Wed, 05 May 2021 16:47:28 GMT - Info - Server is running on port: 3030
Wed, 05 May 2021 16:51:19 GMT - Info - Server is running on port: 3030
Wed, 05 May 2021 16:51:24 GMT - Info - Server is running on port: 3030
Wed, 05 May 2021 16:51:36 GMT - Info - Server is running on port: 3030
Wed, 05 May 2021 16:52:10 GMT - Info - Server is running on port: 3030
Wed, 05 May 2021 16:52:14 GMT - Info - Server is running on port: 3030
Wed, 05 May 2021 16:52:42 GMT - Info - Server is running on port: 3030
Wed, 05 May 2021 16:53:26 GMT - Info - Server is running on port: 3030
Wed, 05 May 2021 17:00:04 GMT - Info - Server is running on port: 3030
Wed, 05 May 2021 17:05:08 GMT - Info - Server is running on port: 3030
Wed, 05 May 2021 17:05:51 GMT - Info - Server is running on port: 3030
Wed, 05 May 2021 17:06:04 GMT - Info - Server is running on port: 3030
Wed, 05 May 2021 17:06:28 GMT - Info - Server is running on port: 3030
Wed, 05 May 2021 17:07:08 GMT - Info - Server is running on port: 3030
Thu, 06 May 2021 06:09:22 GMT - Info - Server is running on port: 3030
Thu, 06 May 2021 06:30:48 GMT - Info - Server is running on port: 3030
Thu, 06 May 2021 06:31:24 GMT - Info - Server is running on port: 3030
Thu, 06 May 2021 06:32:06 GMT - Info - Server is running on port: 3030
Thu, 06 May 2021 06:32:25 GMT - Info - Server is running on port: 3030
Thu, 06 May 2021 06:35:45 GMT - Info - Server is running on port: 3030
Thu, 06 May 2021 06:35:47 GMT - Info - Server is running on port: 3030
Thu, 06 May 2021 06:36:17 GMT - Info - Server is running on port: 3030
Thu, 06 May 2021 07:49:02 GMT - Info - Server is running on port: 3030
Thu, 06 May 2021 07:54:49 GMT - Info - Server is running on port: 3030
Thu, 06 May 2021 07:55:32 GMT - Info - Server is running on port: 3030
Thu, 06 May 2021 07:56:02 GMT - Info - Server is running on port: 3030
Thu, 06 May 2021 07:57:56 GMT - Info - Server is running on port: 3030
Thu, 06 May 2021 07:58:01 GMT - Info - Server is running on port: 3030
Thu, 06 May 2021 07:59:25 GMT - Info - Server is running on port: 3030
Thu, 06 May 2021 08:01:52 GMT - Info - Server is running on port: 3030
Thu, 06 May 2021 08:02:22 GMT - Info - Server is running on port: 3030
Thu, 06 May 2021 08:51:25 GMT - Info - Server is running on port: 3030
Thu, 06 May 2021 08:52:16 GMT - Info - Server is running on port: 3030
Thu, 06 May 2021 08:53:11 GMT - Info - Server is running on port: 3030
Thu, 06 May 2021 08:53:37 GMT - Info - Server is running on port: 3030
Thu, 06 May 2021 08:53:57 GMT - Info - Server is running on port: 3030
Thu, 06 May 2021 08:54:19 GMT - Info - Server is running on port: 3030
Thu, 06 May 2021 08:54:48 GMT - Info - Server is running on port: 3030
Thu, 06 May 2021 08:55:02 GMT - Info - Server is running on port: 3030
Thu, 06 May 2021 09:13:25 GMT - Info - Server is running on port: 3030
Thu, 06 May 2021 09:14:59 GMT - Info - Server is running on port: 3030
Thu, 06 May 2021 09:15:48 GMT - Info - Server is running on port: 3030
Thu, 06 May 2021 09:29:22 GMT - Info - Server is running on port: 3030
Thu, 06 May 2021 09:34:57 GMT - Info - Server is running on port: 3030
Thu, 06 May 2021 09:39:24 GMT - Info - Server is running on port: 3030
Thu, 06 May 2021 09:44:15 GMT - Info - Server is running on port: 3030
Thu, 06 May 2021 09:45:41 GMT - Info - Server is running on port: 3030
Thu, 06 May 2021 09:47:21 GMT - Info - Server is running on port: 3030
Thu, 06 May 2021 09:50:39 GMT - Info - Server is running on port: 3030
Thu, 06 May 2021 09:58:23 GMT - Info - Server is running on port: 3030
Thu, 06 May 2021 09:59:42 GMT - Info - Server is running on port: 3030
Thu, 06 May 2021 10:00:34 GMT - Info - Server is running on port: 3030
Thu, 06 May 2021 10:04:44 GMT - Info - Server is running on port: 3030
Sat, 08 May 2021 08:31:17 GMT - Info - Server is running on port: 3030
Sun, 09 May 2021 15:33:10 GMT - Info - Server is running on port: 3030
Mon, 10 May 2021 08:26:12 GMT - Info - Server is running on port: 3030
Mon, 10 May 2021 08:26:20 GMT - Info - Server is running on port: 3030
Fri, 16 Jul 2021 19:15:32 GMT - Info - Server is running on port: 3030
Sat, 17 Jul 2021 07:47:23 GMT - Info - Server is running on port: 3030
